<?xml version="1.0" encoding="UTF-8"?>
<!-- Generated by org.testng.reporters.JUnitReportReporter -->
<testsuite skipped="0" hostname="ITL-LT-DL-242-09181050" name="com.page.GetUrl" tests="1" failures="0" timestamp="2022-06-06T12:33:18 IST" time="14.074" errors="0">
  <testcase name="mains" time="14.074" classname="com.page.GetUrl"/>
  <system-out/>
</testsuite> <!-- com.page.GetUrl -->
