<?xml version="1.0" encoding="UTF-8"?>
<!-- Generated by org.testng.reporters.JUnitReportReporter -->
<testsuite skipped="0" hostname="ITL-LT-DL-242-09181050" name="com.page.GetUrl" tests="1" failures="0" timestamp="2022-06-09T14:25:53 IST" time="11.949" errors="0">
  <testcase name="mains" time="11.949" classname="com.page.GetUrl"/>
</testsuite> <!-- com.page.GetUrl -->
